A51 MACRO ASSEMBLER  ESD_LAB_1                                                            01/21/2022 15:23:48 PAGE     1


MACRO ASSEMBLER A51 V8.2.7.0
OBJECT MODULE PLACED IN ESD LAB 1.OBJ
ASSEMBLER INVOKED BY: C:\Keil_v5\C51\BIN\A51.EXE ESD LAB 1.asm SET(SMALL) DEBUG PRINT(.\Listings\ESD LAB 1.lst) EP

LOC  OBJ            LINE     SOURCE

                       1     
                       2     
                       3     
                       4     
0000                   5                     ORG 0000H
0000 C3                6                     CLR C
0001 7407              7                     MOV A,#07H ; Moving Value #07 in Accumulator
0003 F520              8                     MOV 20H,A       ; moving A to 20 h location
0005 FA                9                     MOV R2,A        
0006 75F003           10                     MOV B,#03H ; Moving value 03 in register B
0009 85F022           11                     MOV 22H,B ; moving A to 22h location
000C E5F0             12                     MOV A,B
000E 6029             13                     JZ ERROR ; Checking for Zero and jump
0010 EA               14                     MOV A,R2
0011 33               15                     RLC A           ; multiply by value stored by a
0012 401E             16                     JC LOOP3
0014 33               17                     RLC A           ; multiply by value stored by a
0015 4014             18                     JC LOOP2
0017 33               19                     RLC A           ;       multiply by value stored by a
0018 F521             20                     MOV 21H,A
001A 95F0             21     MAIN:   SUBB A,B        ;Subtracting B from A
001C 4004             22             JC LOOP         ;Jump 
001E 08               23             INC R0          ;Incremented  R0 
001F FF               24             MOV R7,A                ; Move the value of A in R7
0020 80F8             25             JMP MAIN
0022                  26     LOOP:   ;MOV 21H,R0      ;Move the quotient to address 21H
0022 8F24             27             MOV 24H,R7      ;Move Remainder at address  22H
0024 8823             28             MOV 23H,R0      ;Move to address 23H
0026 753000           29             MOV 30H,#00H    ;Move 00 at location 30H
0029 8011             30             JMP ENDLOOP
002B F523             31     LOOP2:  MOV 23H,A       ;Calculation exceeded 8 bit 
002D 753002           32             MOV 30H,#02H    ;write 0x02H at address 30H
0030 800A             33             JMP ENDLOOP
0032 C3               34     LOOP3:  CLR C
0033 33               35             RLC A          ;Multiply by 2
0034 F523             36             MOV 23H,A      
0036 753002           37             MOV 30H,#02H   ;Calculation exceeds 8 bit    
0039 753001           38     ERROR:  MOV 30H,#0001H  ;IF Divisor is 0,and saving at memory location 30h
003C 80FE             39     ENDLOOP: JMP ENDLOOP
                      40                             END
                                             
                                             
A51 MACRO ASSEMBLER  ESD_LAB_1                                                            01/21/2022 15:23:48 PAGE     2

SYMBOL TABLE LISTING
------ ----- -------


N A M E             T Y P E  V A L U E   ATTRIBUTES

B. . . . . . . . .  D ADDR   00F0H   A   
ENDLOOP. . . . . .  C ADDR   003CH   A   
ERROR. . . . . . .  C ADDR   0039H   A   
LOOP . . . . . . .  C ADDR   0022H   A   
LOOP2. . . . . . .  C ADDR   002BH   A   
LOOP3. . . . . . .  C ADDR   0032H   A   
MAIN . . . . . . .  C ADDR   001AH   A   


REGISTER BANK(S) USED: 0 


ASSEMBLY COMPLETE.  0 WARNING(S), 0 ERROR(S)
